<?xml version="1.0" encoding="UTF-8"?>
<testng-results ignored="0" total="2" passed="2" failed="0" skipped="0">
  <reporter-output>
  </reporter-output>
  <suite started-at="2023-12-16T03:51:33 ACDT" name="Default suite" finished-at="2023-12-16T03:52:59 ACDT" duration-ms="85732">
    <groups>
    </groups>
    <test started-at="2023-12-16T03:51:33 ACDT" name="Default test" finished-at="2023-12-16T03:52:59 ACDT" duration-ms="85732">
      <class name="testcase.TC_001">
        <test-method is-config="true" signature="setUp()[pri:0, instance:testcase.TC_001@41a0aa7d]" started-at="2023-12-16T03:51:50 ACDT" name="setUp" finished-at="2023-12-16T03:52:03 ACDT" duration-ms="13089" status="PASS">
          <reporter-output>
          </reporter-output>
        </test-method> <!-- setUp -->
        <test-method signature="Login(java.lang.String,java.lang.String)[pri:0, instance:testcase.TC_001@41a0aa7d]" started-at="2023-12-16T03:52:03 ACDT" name="Login" data-provider="testdata" finished-at="2023-12-16T03:52:26 ACDT" duration-ms="22878" status="PASS">
          <params>
            <param index="0">
              <value>
                <![CDATA[Admin]]>
              </value>
            </param>
            <param index="1">
              <value>
                <![CDATA[admin123]]>
              </value>
            </param>
          </params>
          <reporter-output>
          </reporter-output>
        </test-method> <!-- Login -->
        <test-method is-config="true" signature="tearDown()[pri:0, instance:testcase.TC_001@41a0aa7d]" started-at="2023-12-16T03:52:26 ACDT" name="tearDown" finished-at="2023-12-16T03:52:26 ACDT" duration-ms="97" status="PASS">
          <reporter-output>
          </reporter-output>
        </test-method> <!-- tearDown -->
        <test-method is-config="true" signature="setUp()[pri:0, instance:testcase.TC_001@41a0aa7d]" started-at="2023-12-16T03:52:26 ACDT" name="setUp" finished-at="2023-12-16T03:52:40 ACDT" duration-ms="13786" status="PASS">
          <reporter-output>
          </reporter-output>
        </test-method> <!-- setUp -->
        <test-method signature="Login(java.lang.String,java.lang.String)[pri:0, instance:testcase.TC_001@41a0aa7d]" started-at="2023-12-16T03:52:40 ACDT" name="Login" data-provider="testdata" finished-at="2023-12-16T03:52:59 ACDT" duration-ms="19206" status="PASS">
          <params>
            <param index="0">
              <value>
                <![CDATA[jdminf]]>
              </value>
            </param>
            <param index="1">
              <value>
                <![CDATA[jdmin123e]]>
              </value>
            </param>
          </params>
          <reporter-output>
          </reporter-output>
        </test-method> <!-- Login -->
        <test-method is-config="true" signature="tearDown()[pri:0, instance:testcase.TC_001@41a0aa7d]" started-at="2023-12-16T03:52:59 ACDT" name="tearDown" finished-at="2023-12-16T03:52:59 ACDT" duration-ms="106" status="PASS">
          <reporter-output>
          </reporter-output>
        </test-method> <!-- tearDown -->
      </class> <!-- testcase.TC_001 -->
    </test> <!-- Default test -->
  </suite> <!-- Default suite -->
</testng-results>
